<?xml version="1.0" encoding="UTF-8"?>
<testng-results ignored="0" total="1" passed="1" failed="0" skipped="0">
  <reporter-output>
  </reporter-output>
  <suite started-at="2026-01-02T15:22:40 IST" name="Default suite" finished-at="2026-01-02T15:22:40 IST" duration-ms="72">
    <groups>
    </groups>
    <test started-at="2026-01-02T15:22:40 IST" name="Default test" finished-at="2026-01-02T15:22:40 IST" duration-ms="72">
      <class name="jenkinspractice.JenkinsPracticeTest">
        <test-method signature="jenkinsPracticeTest()[pri:0, instance:jenkinspractice.JenkinsPracticeTest@34a3d150]" started-at="2026-01-02T15:22:40 IST" name="jenkinsPracticeTest" finished-at="2026-01-02T15:22:40 IST" duration-ms="10" status="PASS">
          <reporter-output>
          </reporter-output>
        </test-method> <!-- jenkinsPracticeTest -->
      </class> <!-- jenkinspractice.JenkinsPracticeTest -->
    </test> <!-- Default test -->
  </suite> <!-- Default suite -->
</testng-results>
